#
# There is insufficient memory for the Java Runtime Environment to continue.
# Native memory allocation (malloc) failed to allocate 1980544 bytes. Error detail: Chunk::new
# Possible reasons:
#   The system is out of physical RAM or swap space
#   This process is running with CompressedOops enabled, and the Java Heap may be blocking the growth of the native heap
# Possible solutions:
#   Reduce memory load on the system
#   Increase physical memory or swap space
#   Check if swap backing store is full
#   Decrease Java heap size (-Xmx/-Xms)
#   Decrease number of Java threads
#   Decrease Java thread stack sizes (-Xss)
#   Set larger code cache with -XX:ReservedCodeCacheSize=
#   JVM is running with Unscaled Compressed Oops mode in which the Java heap is
#     placed in the first 4GB address space. The Java Heap base address is the
#     maximum limit for the native heap growth. Please use -XX:HeapBaseMinAddress
#     to set the Java Heap base and to place the Java Heap above 4GB virtual address.
# This output file may be truncated or incomplete.
#
#  Out of Memory Error (arena.cpp:168), pid=16340, tid=11536
#
# JRE version: OpenJDK Runtime Environment Temurin-21.0.10+7 (21.0.10+7) (build 21.0.10+7-LTS)
# Java VM: OpenJDK 64-Bit Server VM Temurin-21.0.10+7 (21.0.10+7-LTS, mixed mode, sharing, tiered, compressed oops, compressed class ptrs, parallel gc, windows-amd64)
# No core dump will be written. Minidumps are not enabled by default on client versions of Windows
#

---------------  S U M M A R Y ------------

Command Line: --add-modules=ALL-SYSTEM --add-opens=java.base/java.util=ALL-UNNAMED --add-opens=java.base/java.lang=ALL-UNNAMED --add-opens=java.base/sun.nio.fs=ALL-UNNAMED -Declipse.application=org.eclipse.jdt.ls.core.id1 -Dosgi.bundles.defaultStartLevel=4 -Declipse.product=org.eclipse.jdt.ls.core.product -Djava.import.generatesMetadataFilesAtProjectRoot=false -DDetectVMInstallationsJob.disabled=true -Dfile.encoding=utf8 -XX:+UseParallelGC -XX:GCTimeRatio=4 -XX:AdaptiveSizePolicyWeight=90 -Dsun.zip.disableMemoryMapping=true -Xmx2G -Xms100m -Xlog:disable -javaagent:c:\Users\sushm\.vscode\extensions\redhat.java-1.53.0-win32-x64\lombok\lombok-1.18.39-4050.jar -XX:+HeapDumpOnOutOfMemoryError -XX:HeapDumpPath=c:\Users\sushm\AppData\Roaming\Code\User\workspaceStorage\3d8c0b4e45cbfe884bd65b432757418f\redhat.java -Daether.dependencyCollector.impl=bf c:\Users\sushm\.vscode\extensions\redhat.java-1.53.0-win32-x64\server\plugins\org.eclipse.equinox.launcher_1.7.100.v20251111-0406.jar -configuration c:\Users\sushm\AppData\Roaming\Code\User\globalStorage\redhat.java\1.53.0\config_win -data c:\Users\sushm\AppData\Roaming\Code\User\workspaceStorage\3d8c0b4e45cbfe884bd65b432757418f\redhat.java\jdt_ws --pipe=\\.\pipe\lsp-c55d0b85f3120c31055f0c5adedfc064-sock

Host: 11th Gen Intel(R) Core(TM) i5-1135G7 @ 2.40GHz, 8 cores, 15G,  Windows 11 , 64 bit Build 26100 (10.0.26100.6725)
Time: Wed Mar  4 21:50:49 2026 India Standard Time elapsed time: 15.088402 seconds (0d 0h 0m 15s)

---------------  T H R E A D  ---------------

Current thread (0x000002559fc867e0):  JavaThread "C2 CompilerThread0" daemon [_thread_in_native, id=11536, stack(0x000000d4ea200000,0x000000d4ea300000) (1024K)]


Current CompileTask:
C2:15088 4726   !   4       org.eclipse.osgi.internal.loader.classpath.ClasspathManager::defineClass (636 bytes)

Stack: [0x000000d4ea200000,0x000000d4ea300000]
Native frames: (J=compiled Java code, j=interpreted, Vv=VM code, C=native code)
V  [jvm.dll+0x6d7a39]
V  [jvm.dll+0x8b4b26]
V  [jvm.dll+0x8b70de]
V  [jvm.dll+0x8b77c3]
V  [jvm.dll+0x284346]
V  [jvm.dll+0xc66ed]
V  [jvm.dll+0xc6c31]
V  [jvm.dll+0x3bec3b]
V  [jvm.dll+0x38b162]
V  [jvm.dll+0x38a5aa]
V  [jvm.dll+0x24c560]
V  [jvm.dll+0x24bb40]
V  [jvm.dll+0x1cb34e]
V  [jvm.dll+0x25b85d]
V  [jvm.dll+0x259dea]
V  [jvm.dll+0x3f857e]
V  [jvm.dll+0x85f59d]
V  [jvm.dll+0x6d626d]
C  [ucrtbase.dll+0x37b0]
C  [KERNEL32.DLL+0x2e8d7]
C  [ntdll.dll+0x8c53c]


---------------  P R O C E S S  ---------------

Threads class SMR info:
_java_thread_list=0x0000025580a6d190, length=42, elements={
0x000002559d9dbca0, 0x000002559fdbb220, 0x000002559fdbde10, 0x000002559fc7b690,
0x000002559fc7e8b0, 0x000002559fc80030, 0x000002559fc80a90, 0x000002559fc867e0,
0x000002559fc8a360, 0x00000255f91f7700, 0x00000255f9330a00, 0x00000255f953ae80,
0x00000255f992d660, 0x00000255fe1d3890, 0x00000255fe1a02e0, 0x00000255fe1a0950,
0x00000255fe7d8da0, 0x00000255fe789c10, 0x00000255f92f68e0, 0x00000255fe4581c0,
0x00000255fe458850, 0x00000255fe4574a0, 0x00000255fe457b30, 0x00000255fe3a3e60,
0x00000255fe3a37d0, 0x00000255fe3a44f0, 0x00000255fe3a3140, 0x00000255fe3a58a0,
0x0000025580d77c50, 0x00000255fe3a2ab0, 0x00000255fe3a4b80, 0x00000255fe3a6c50,
0x00000255fe3a5f30, 0x00000255fe3a8d20, 0x00000255fe3a72e0, 0x00000255fe3a9a40,
0x00000255fe3a93b0, 0x00000255fe3a8690, 0x00000255fe3a7970, 0x00000255fe3a65c0,
0x00000255fe3a8000, 0x0000025580d96650
}

Java Threads: ( => current thread )
  0x000002559d9dbca0 JavaThread "main"                              [_thread_in_native, id=14000, stack(0x000000d4e9800000,0x000000d4e9900000) (1024K)]
  0x000002559fdbb220 JavaThread "Reference Handler"          daemon [_thread_blocked, id=15136, stack(0x000000d4e9c00000,0x000000d4e9d00000) (1024K)]
  0x000002559fdbde10 JavaThread "Finalizer"                  daemon [_thread_blocked, id=8932, stack(0x000000d4e9d00000,0x000000d4e9e00000) (1024K)]
  0x000002559fc7b690 JavaThread "Signal Dispatcher"          daemon [_thread_blocked, id=18284, stack(0x000000d4e9e00000,0x000000d4e9f00000) (1024K)]
  0x000002559fc7e8b0 JavaThread "Attach Listener"            daemon [_thread_blocked, id=20056, stack(0x000000d4e9f00000,0x000000d4ea000000) (1024K)]
  0x000002559fc80030 JavaThread "Service Thread"             daemon [_thread_blocked, id=21332, stack(0x000000d4ea000000,0x000000d4ea100000) (1024K)]
  0x000002559fc80a90 JavaThread "Monitor Deflation Thread"   daemon [_thread_blocked, id=17628, stack(0x000000d4ea100000,0x000000d4ea200000) (1024K)]
=>0x000002559fc867e0 JavaThread "C2 CompilerThread0"         daemon [_thread_in_native, id=11536, stack(0x000000d4ea200000,0x000000d4ea300000) (1024K)]
  0x000002559fc8a360 JavaThread "C1 CompilerThread0"         daemon [_thread_blocked, id=20908, stack(0x000000d4ea300000,0x000000d4ea400000) (1024K)]
  0x00000255f91f7700 JavaThread "Common-Cleaner"             daemon [_thread_blocked, id=1760, stack(0x000000d4ea500000,0x000000d4ea600000) (1024K)]
  0x00000255f9330a00 JavaThread "Notification Thread"        daemon [_thread_blocked, id=3488, stack(0x000000d4ea600000,0x000000d4ea700000) (1024K)]
  0x00000255f953ae80 JavaThread "C2 CompilerThread1"         daemon [_thread_in_native, id=504, stack(0x000000d4ea400000,0x000000d4ea500000) (1024K)]
  0x00000255f992d660 JavaThread "Active Thread: Equinox Container: 3c0595b6-5a5a-43e7-a1bf-7c0cd9682fa0"        [_thread_blocked, id=11080, stack(0x000000d4eae00000,0x000000d4eaf00000) (1024K)]
  0x00000255fe1d3890 JavaThread "Refresh Thread: Equinox Container: 3c0595b6-5a5a-43e7-a1bf-7c0cd9682fa0" daemon [_thread_blocked, id=9868, stack(0x000000d4eb000000,0x000000d4eb100000) (1024K)]
  0x00000255fe1a02e0 JavaThread "Framework Event Dispatcher: Equinox Container: 3c0595b6-5a5a-43e7-a1bf-7c0cd9682fa0" daemon [_thread_blocked, id=14248, stack(0x000000d4eb100000,0x000000d4eb200000) (1024K)]
  0x00000255fe1a0950 JavaThread "Start Level: Equinox Container: 3c0595b6-5a5a-43e7-a1bf-7c0cd9682fa0" daemon [_thread_blocked, id=15024, stack(0x000000d4eb200000,0x000000d4eb300000) (1024K)]
  0x00000255fe7d8da0 JavaThread "Bundle File Closer"         daemon [_thread_blocked, id=10496, stack(0x000000d4eb300000,0x000000d4eb400000) (1024K)]
  0x00000255fe789c10 JavaThread "SCR Component Actor"        daemon [_thread_blocked, id=16924, stack(0x000000d4ea700000,0x000000d4ea800000) (1024K)]
  0x00000255f92f68e0 JavaThread "Worker-JM"                         [_thread_blocked, id=20624, stack(0x000000d4eb500000,0x000000d4eb600000) (1024K)]
  0x00000255fe4581c0 JavaThread "JNA Cleaner"                daemon [_thread_blocked, id=15524, stack(0x000000d4eb400000,0x000000d4eb500000) (1024K)]
  0x00000255fe458850 JavaThread "Worker-0"                          [_thread_blocked, id=6244, stack(0x000000d4eb600000,0x000000d4eb700000) (1024K)]
  0x00000255fe4574a0 JavaThread "Worker-1"                          [_thread_blocked, id=5156, stack(0x000000d4eb700000,0x000000d4eb800000) (1024K)]
  0x00000255fe457b30 JavaThread "Worker-2: Initialize After Load"        [_thread_blocked, id=11348, stack(0x000000d4eb800000,0x000000d4eb900000) (1024K)]
  0x00000255fe3a3e60 JavaThread "Worker-3: Updating Maven Dependencies"        [_thread_in_vm, id=20752, stack(0x000000d4ebb00000,0x000000d4ebc00000) (1024K)]
  0x00000255fe3a37d0 JavaThread "Worker-4: Repository registry initialization"        [_thread_blocked, id=15872, stack(0x000000d4ebc00000,0x000000d4ebd00000) (1024K)]
  0x00000255fe3a44f0 JavaThread "Worker-5: Synchronize Gradle projects with workspace"        [_thread_blocked, id=11732, stack(0x000000d4ebd00000,0x000000d4ebe00000) (1024K)]
  0x00000255fe3a3140 JavaThread "Worker-6"                          [_thread_blocked, id=18668, stack(0x000000d4ebe00000,0x000000d4ebf00000) (1024K)]
  0x00000255fe3a58a0 JavaThread "Timer-0"                           [_thread_blocked, id=16216, stack(0x000000d4ebf00000,0x000000d4ec000000) (1024K)]
  0x0000025580d77c50 JavaThread "C2 CompilerThread2"         daemon [_thread_in_native, id=7676, stack(0x000000d4ec000000,0x000000d4ec100000) (1024K)]
  0x00000255fe3a2ab0 JavaThread "Java indexing"              daemon [_thread_blocked, id=19208, stack(0x000000d4ec100000,0x000000d4ec200000) (1024K)]
  0x00000255fe3a4b80 JavaThread "Timer-1"                           [_thread_blocked, id=9908, stack(0x000000d4ec200000,0x000000d4ec300000) (1024K)]
  0x00000255fe3a6c50 JavaThread "Connection worker"                 [_thread_in_vm, id=14056, stack(0x000000d4ec300000,0x000000d4ec400000) (1024K)]
  0x00000255fe3a5f30 JavaThread "Thread-4"                   daemon [_thread_in_native, id=10252, stack(0x000000d4ec400000,0x000000d4ec500000) (1024K)]
  0x00000255fe3a8d20 JavaThread "Thread-5"                   daemon [_thread_in_native, id=18604, stack(0x000000d4ec500000,0x000000d4ec600000) (1024K)]
  0x00000255fe3a72e0 JavaThread "Thread-6"                   daemon [_thread_in_native, id=13916, stack(0x000000d4ec600000,0x000000d4ec700000) (1024K)]
  0x00000255fe3a9a40 JavaThread "Thread-7"                   daemon [_thread_in_native, id=13164, stack(0x000000d4ec700000,0x000000d4ec800000) (1024K)]
  0x00000255fe3a93b0 JavaThread "Thread-8"                   daemon [_thread_in_native, id=20524, stack(0x000000d4ec800000,0x000000d4ec900000) (1024K)]
  0x00000255fe3a8690 JavaThread "Thread-9"                   daemon [_thread_in_native, id=13912, stack(0x000000d4ec900000,0x000000d4eca00000) (1024K)]
  0x00000255fe3a7970 JavaThread "Thread-10"                  daemon [_thread_in_native, id=20884, stack(0x000000d4eca00000,0x000000d4ecb00000) (1024K)]
  0x00000255fe3a65c0 JavaThread "Thread-11"                  daemon [_thread_in_native, id=10620, stack(0x000000d4ecb00000,0x000000d4ecc00000) (1024K)]
  0x00000255fe3a8000 JavaThread "Thread-12"                  daemon [_thread_in_native, id=20952, stack(0x000000d4ecc00000,0x000000d4ecd00000) (1024K)]
  0x0000025580d96650 JavaThread "pool-2-thread-1"                   [_thread_blocked, id=7732, stack(0x000000d4ecd00000,0x000000d4ece00000) (1024K)]
Total: 42

Other Threads:
  0x000002559fc71d30 VMThread "VM Thread"                           [id=8868, stack(0x000000d4e9b00000,0x000000d4e9c00000) (1024K)]
  0x000002559fd6b390 WatcherThread "VM Periodic Task Thread"        [id=21140, stack(0x000000d4e9a00000,0x000000d4e9b00000) (1024K)]
  0x000002559fd1c930 WorkerThread "GC Thread#0"                     [id=10412, stack(0x000000d4e9900000,0x000000d4e9a00000) (1024K)]
  0x00000255f9a10070 WorkerThread "GC Thread#1"                     [id=21216, stack(0x000000d4ea800000,0x000000d4ea900000) (1024K)]
  0x00000255fe251500 WorkerThread "GC Thread#2"                     [id=4064, stack(0x000000d4ea900000,0x000000d4eaa00000) (1024K)]
  0x00000255f9a10420 WorkerThread "GC Thread#3"                     [id=21264, stack(0x000000d4eaa00000,0x000000d4eab00000) (1024K)]
  0x00000255f9a107d0 WorkerThread "GC Thread#4"                     [id=7888, stack(0x000000d4eab00000,0x000000d4eac00000) (1024K)]
  0x00000255f9a10b80 WorkerThread "GC Thread#5"                     [id=4688, stack(0x000000d4eac00000,0x000000d4ead00000) (1024K)]
  0x00000255f9a10f30 WorkerThread "GC Thread#6"                     [id=7252, stack(0x000000d4ead00000,0x000000d4eae00000) (1024K)]
  0x00000255fe1e0120 WorkerThread "GC Thread#7"                     [id=13432, stack(0x000000d4eaf00000,0x000000d4eb000000) (1024K)]
Total: 10

Threads with active compile tasks:
C2 CompilerThread0  15129 4726   !   4       org.eclipse.osgi.internal.loader.classpath.ClasspathManager::defineClass (636 bytes)
C2 CompilerThread1  15129 5306       4       java.util.ArrayList::contains (14 bytes)
C2 CompilerThread2  15129 5233   !   4       java.util.zip.InflaterInputStream::read (129 bytes)
Total: 3

VM state: not at safepoint (normal execution)

VM Mutex/Monitor currently owned by a thread: None

Heap address: 0x0000000080000000, size: 2048 MB, Compressed Oops mode: 32-bit

CDS archive(s) mapped at: [0x00000255b7000000-0x00000255b7ba0000-0x00000255b7ba0000), size 12189696, SharedBaseAddress: 0x00000255b7000000, ArchiveRelocationMode: 1.
Compressed class space mapped at: 0x00000255b8000000-0x00000255f8000000, reserved size: 1073741824
Narrow klass base: 0x00000255b7000000, Narrow klass shift: 0, Narrow klass range: 0x100000000

GC Precious Log:
 CardTable entry size: 512
 CPUs: 8 total, 8 available
 Memory: 16118M
 Large Page Support: Disabled
 NUMA Support: Disabled
 Compressed Oops: Enabled (32-bit)
 Alignments: Space 512K, Generation 512K, Heap 2M
 Heap Min Capacity: 100M
 Heap Initial Capacity: 100M
 Heap Max Capacity: 2G
 Pre-touch: Disabled
 Parallel Workers: 8

Heap:
 PSYoungGen      total 25600K, used 22809K [0x00000000d5580000, 0x00000000d7c80000, 0x0000000100000000)
  eden space 21504K, 87% used [0x00000000d5580000,0x00000000d67cae00,0x00000000d6a80000)
  from space 4096K, 99% used [0x00000000d6a80000,0x00000000d6e7b7d0,0x00000000d6e80000)
  to   space 9216K, 0% used [0x00000000d7380000,0x00000000d7380000,0x00000000d7c80000)
 ParOldGen       total 68608K, used 25481K [0x0000000080000000, 0x0000000084300000, 0x00000000d5580000)
  object space 68608K, 37% used [0x0000000080000000,0x00000000818e2738,0x0000000084300000)
 Metaspace       used 43470K, committed 44608K, reserved 1114112K
  class space    used 4899K, committed 5376K, reserved 1048576K

Card table byte_map: [0x000002559f6a0000,0x000002559fab0000] _byte_map_base: 0x000002559f2a0000

Marking Bits: (ParMarkBitMap*) 0x00007fffad473450
 Begin Bits: [0x00000255b21b0000, 0x00000255b41b0000)
 End Bits:   [0x00000255b41b0000, 0x00000255b61b0000)

Polling page: 0x000002559dad0000

Metaspace:

Usage:
  Non-class:     37.67 MB used.
      Class:      4.78 MB used.
       Both:     42.45 MB used.

Virtual space:
  Non-class space:       64.00 MB reserved,      38.31 MB ( 60%) committed,  1 nodes.
      Class space:        1.00 GB reserved,       5.25 MB ( <1%) committed,  1 nodes.
             Both:        1.06 GB reserved,      43.56 MB (  4%) committed. 

Chunk freelists:
   Non-Class:  9.11 MB
       Class:  10.62 MB
        Both:  19.73 MB

MaxMetaspaceSize: unlimited
CompressedClassSpaceSize: 1.00 GB
Initial GC threshold: 21.00 MB
Current GC threshold: 58.38 MB
CDS: on
 - commit_granule_bytes: 65536.
 - commit_granule_words: 8192.
 - virtual_space_node_default_size: 8388608.
 - enlarge_chunks_in_place: 1.
 - use_allocation_guard: 0.


Internal statistics:

num_allocs_failed_limit: 8.
num_arena_births: 834.
num_arena_deaths: 38.
num_vsnodes_births: 2.
num_vsnodes_deaths: 0.
num_space_committed: 697.
num_space_uncommitted: 0.
num_chunks_returned_to_freelist: 52.
num_chunks_taken_from_freelist: 2890.
num_chunk_merges: 18.
num_chunk_splits: 1731.
num_chunks_enlarged: 899.
num_inconsistent_stats: 0.

CodeHeap 'non-profiled nmethods': size=120000Kb used=2494Kb max_used=2494Kb free=117505Kb
 bounds [0x00000255aa9d0000, 0x00000255aac40000, 0x00000255b1f00000]
CodeHeap 'profiled nmethods': size=120000Kb used=9444Kb max_used=9525Kb free=110555Kb
 bounds [0x00000255a2f00000, 0x00000255a3860000, 0x00000255aa430000]
CodeHeap 'non-nmethods': size=5760Kb used=1373Kb max_used=1438Kb free=4387Kb
 bounds [0x00000255aa430000, 0x00000255aa6a0000, 0x00000255aa9d0000]
CodeCache: size=245760Kb, used=13311Kb, max_used=13457Kb, free=232447Kb
 total_blobs=5403, nmethods=4742, adapters=567, full_count=0
Compilation: enabled, stopped_count=0, restarted_count=0

Compilation events (20 events):
Event: 14.085 Thread 0x000002559fc8a360 nmethod 5280 0x00000255a2f74510 code [0x00000255a2f746e0, 0x00000255a2f74a20]
Event: 14.086 Thread 0x000002559fc8a360 5277       3       java.lang.invoke.VarHandleReferences$Array::setVolatile (61 bytes)
Event: 14.086 Thread 0x00000255f953ae80 nmethod 5286 0x00000255aac3ca10 code [0x00000255aac3cba0, 0x00000255aac3cca0]
Event: 14.086 Thread 0x00000255f953ae80 5288       4       java.lang.reflect.Executable::getAnnotation (23 bytes)
Event: 14.087 Thread 0x000002559fc8a360 nmethod 5277 0x00000255a3576810 code [0x00000255a3576ac0, 0x00000255a35777b8]
Event: 14.087 Thread 0x000002559fc8a360 5287       3       java.util.stream.ReduceOps$ReduceOp::evaluateSequential (18 bytes)
Event: 14.087 Thread 0x000002559fc8a360 nmethod 5287 0x00000255a3576090 code [0x00000255a3576280, 0x00000255a3576700]
Event: 14.087 Thread 0x000002559fc8a360 5278       3       java.lang.invoke.VarHandleReferences$Array::runtimeTypeCheck (26 bytes)
Event: 14.088 Thread 0x000002559fc8a360 nmethod 5278 0x00000255a3575290 code [0x00000255a35754e0, 0x00000255a3575cb0]
Event: 14.088 Thread 0x000002559fc8a360 5291       3       com.google.inject.internal.MoreTypes::canonicalize (143 bytes)
Event: 14.090 Thread 0x000002559fc8a360 nmethod 5291 0x00000255a3573190 code [0x00000255a35734e0, 0x00000255a3574d80]
Event: 14.090 Thread 0x000002559fc8a360 5290       3       com.google.inject.internal.CycleDetectingLock$CycleDetectingLockFactory::create (17 bytes)
Event: 14.090 Thread 0x000002559fc8a360 nmethod 5290 0x00000255a3572810 code [0x00000255a3572a00, 0x00000255a3572f40]
Event: 14.091 Thread 0x000002559fc8a360 5283       3       java.util.HashSet::size (8 bytes)
Event: 14.091 Thread 0x000002559fc8a360 nmethod 5283 0x00000255a3572410 code [0x00000255a35725a0, 0x00000255a3572750]
Event: 14.091 Thread 0x000002559fc8a360 5284       1       com.google.inject.internal.ProviderToInternalFactoryAdapter::getInjector (5 bytes)
Event: 14.091 Thread 0x000002559fc8a360 nmethod 5284 0x00000255aac3cd90 code [0x00000255aac3cf20, 0x00000255aac3cfe8]
Event: 14.091 Thread 0x000002559fc8a360 5281       3       com.google.common.cache.LocalCache$LoadingValueReference::set (9 bytes)
Event: 14.093 Thread 0x000002559fc8a360 nmethod 5281 0x00000255a3262f10 code [0x00000255a32631c0, 0x00000255a3263ea8]
Event: 14.093 Thread 0x000002559fc8a360 5295       3       com.google.inject.internal.Scoping$4::getScopeInstance (4 bytes)

GC Heap History (20 events):
Event: 9.216 GC heap before
{Heap before GC invocations=10 (full 1):
 PSYoungGen      total 25088K, used 24998K [0x00000000d5580000, 0x00000000d7380000, 0x0000000100000000)
  eden space 24064K, 100% used [0x00000000d5580000,0x00000000d6d00000,0x00000000d6d00000)
  from space 1024K, 91% used [0x00000000d7280000,0x00000000d7369898,0x00000000d7380000)
  to   space 2560K, 0% used [0x00000000d6e80000,0x00000000d6e80000,0x00000000d7100000)
 ParOldGen       total 68608K, used 13434K [0x0000000080000000, 0x0000000084300000, 0x00000000d5580000)
  object space 68608K, 19% used [0x0000000080000000,0x0000000080d1e998,0x0000000084300000)
 Metaspace       used 26794K, committed 27712K, reserved 1114112K
  class space    used 2739K, committed 3136K, reserved 1048576K
}
Event: 9.219 GC heap after
{Heap after GC invocations=10 (full 1):
 PSYoungGen      total 26112K, used 1354K [0x00000000d5580000, 0x00000000d7300000, 0x0000000100000000)
  eden space 23552K, 0% used [0x00000000d5580000,0x00000000d5580000,0x00000000d6c80000)
  from space 2560K, 52% used [0x00000000d6e80000,0x00000000d6fd2a20,0x00000000d7100000)
  to   space 1536K, 0% used [0x00000000d7180000,0x00000000d7180000,0x00000000d7300000)
 ParOldGen       total 68608K, used 13442K [0x0000000080000000, 0x0000000084300000, 0x00000000d5580000)
  object space 68608K, 19% used [0x0000000080000000,0x0000000080d20998,0x0000000084300000)
 Metaspace       used 26794K, committed 27712K, reserved 1114112K
  class space    used 2739K, committed 3136K, reserved 1048576K
}
Event: 9.688 GC heap before
{Heap before GC invocations=11 (full 1):
 PSYoungGen      total 26112K, used 24902K [0x00000000d5580000, 0x00000000d7300000, 0x0000000100000000)
  eden space 23552K, 99% used [0x00000000d5580000,0x00000000d6c7edf0,0x00000000d6c80000)
  from space 2560K, 52% used [0x00000000d6e80000,0x00000000d6fd2a20,0x00000000d7100000)
  to   space 1536K, 0% used [0x00000000d7180000,0x00000000d7180000,0x00000000d7300000)
 ParOldGen       total 68608K, used 13442K [0x0000000080000000, 0x0000000084300000, 0x00000000d5580000)
  object space 68608K, 19% used [0x0000000080000000,0x0000000080d20998,0x0000000084300000)
 Metaspace       used 29487K, committed 30528K, reserved 1114112K
  class space    used 3048K, committed 3520K, reserved 1048576K
}
Event: 9.693 GC heap after
{Heap after GC invocations=11 (full 1):
 PSYoungGen      total 24576K, used 1534K [0x00000000d5580000, 0x00000000d7500000, 0x0000000100000000)
  eden space 23040K, 0% used [0x00000000d5580000,0x00000000d5580000,0x00000000d6c00000)
  from space 1536K, 99% used [0x00000000d7180000,0x00000000d72ffbb8,0x00000000d7300000)
  to   space 4608K, 0% used [0x00000000d6c00000,0x00000000d6c00000,0x00000000d7080000)
 ParOldGen       total 68608K, used 15967K [0x0000000080000000, 0x0000000084300000, 0x00000000d5580000)
  object space 68608K, 23% used [0x0000000080000000,0x0000000080f97de0,0x0000000084300000)
 Metaspace       used 29487K, committed 30528K, reserved 1114112K
  class space    used 3048K, committed 3520K, reserved 1048576K
}
Event: 10.265 GC heap before
{Heap before GC invocations=12 (full 1):
 PSYoungGen      total 24576K, used 24574K [0x00000000d5580000, 0x00000000d7500000, 0x0000000100000000)
  eden space 23040K, 100% used [0x00000000d5580000,0x00000000d6c00000,0x00000000d6c00000)
  from space 1536K, 99% used [0x00000000d7180000,0x00000000d72ffbb8,0x00000000d7300000)
  to   space 4608K, 0% used [0x00000000d6c00000,0x00000000d6c00000,0x00000000d7080000)
 ParOldGen       total 68608K, used 15967K [0x0000000080000000, 0x0000000084300000, 0x00000000d5580000)
  object space 68608K, 23% used [0x0000000080000000,0x0000000080f97de0,0x0000000084300000)
 Metaspace       used 31403K, committed 32448K, reserved 1114112K
  class space    used 3288K, committed 3712K, reserved 1048576K
}
Event: 10.268 GC heap after
{Heap after GC invocations=12 (full 1):
 PSYoungGen      total 23040K, used 448K [0x00000000d5580000, 0x00000000d7200000, 0x0000000100000000)
  eden space 22528K, 0% used [0x00000000d5580000,0x00000000d5580000,0x00000000d6b80000)
  from space 512K, 87% used [0x00000000d6c00000,0x00000000d6c70000,0x00000000d6c80000)
  to   space 2048K, 0% used [0x00000000d7000000,0x00000000d7000000,0x00000000d7200000)
 ParOldGen       total 68608K, used 17346K [0x0000000080000000, 0x0000000084300000, 0x00000000d5580000)
  object space 68608K, 25% used [0x0000000080000000,0x00000000810f0b20,0x0000000084300000)
 Metaspace       used 31403K, committed 32448K, reserved 1114112K
  class space    used 3288K, committed 3712K, reserved 1048576K
}
Event: 11.297 GC heap before
{Heap before GC invocations=13 (full 1):
 PSYoungGen      total 23040K, used 22976K [0x00000000d5580000, 0x00000000d7200000, 0x0000000100000000)
  eden space 22528K, 100% used [0x00000000d5580000,0x00000000d6b80000,0x00000000d6b80000)
  from space 512K, 87% used [0x00000000d6c00000,0x00000000d6c70000,0x00000000d6c80000)
  to   space 2048K, 0% used [0x00000000d7000000,0x00000000d7000000,0x00000000d7200000)
 ParOldGen       total 68608K, used 17346K [0x0000000080000000, 0x0000000084300000, 0x00000000d5580000)
  object space 68608K, 25% used [0x0000000080000000,0x00000000810f0b20,0x0000000084300000)
 Metaspace       used 32738K, committed 33856K, reserved 1114112K
  class space    used 3459K, committed 3904K, reserved 1048576K
}
Event: 11.302 GC heap after
{Heap after GC invocations=13 (full 1):
 PSYoungGen      total 24064K, used 1814K [0x00000000d5580000, 0x00000000d7200000, 0x0000000100000000)
  eden space 22016K, 0% used [0x00000000d5580000,0x00000000d5580000,0x00000000d6b00000)
  from space 2048K, 88% used [0x00000000d7000000,0x00000000d71c5ad0,0x00000000d7200000)
  to   space 2560K, 0% used [0x00000000d6d00000,0x00000000d6d00000,0x00000000d6f80000)
 ParOldGen       total 68608K, used 17602K [0x0000000080000000, 0x0000000084300000, 0x00000000d5580000)
  object space 68608K, 25% used [0x0000000080000000,0x0000000081130b60,0x0000000084300000)
 Metaspace       used 32738K, committed 33856K, reserved 1114112K
  class space    used 3459K, committed 3904K, reserved 1048576K
}
Event: 11.902 GC heap before
{Heap before GC invocations=14 (full 1):
 PSYoungGen      total 24064K, used 23830K [0x00000000d5580000, 0x00000000d7200000, 0x0000000100000000)
  eden space 22016K, 100% used [0x00000000d5580000,0x00000000d6b00000,0x00000000d6b00000)
  from space 2048K, 88% used [0x00000000d7000000,0x00000000d71c5ad0,0x00000000d7200000)
  to   space 2560K, 0% used [0x00000000d6d00000,0x00000000d6d00000,0x00000000d6f80000)
 ParOldGen       total 68608K, used 17602K [0x0000000080000000, 0x0000000084300000, 0x00000000d5580000)
  object space 68608K, 25% used [0x0000000080000000,0x0000000081130b60,0x0000000084300000)
 Metaspace       used 34819K, committed 35840K, reserved 1114112K
  class space    used 3700K, committed 4096K, reserved 1048576K
}
Event: 11.908 GC heap after
{Heap after GC invocations=14 (full 1):
 PSYoungGen      total 23552K, used 1207K [0x00000000d5580000, 0x00000000d7080000, 0x0000000100000000)
  eden space 22016K, 0% used [0x00000000d5580000,0x00000000d5580000,0x00000000d6b00000)
  from space 1536K, 78% used [0x00000000d6d00000,0x00000000d6e2dc88,0x00000000d6e80000)
  to   space 1536K, 0% used [0x00000000d6f00000,0x00000000d6f00000,0x00000000d7080000)
 ParOldGen       total 68608K, used 19194K [0x0000000080000000, 0x0000000084300000, 0x00000000d5580000)
  object space 68608K, 27% used [0x0000000080000000,0x00000000812beb60,0x0000000084300000)
 Metaspace       used 34819K, committed 35840K, reserved 1114112K
  class space    used 3700K, committed 4096K, reserved 1048576K
}
Event: 11.910 GC heap before
{Heap before GC invocations=15 (full 1):
 PSYoungGen      total 23552K, used 1674K [0x00000000d5580000, 0x00000000d7080000, 0x0000000100000000)
  eden space 22016K, 2% used [0x00000000d5580000,0x00000000d55f4f00,0x00000000d6b00000)
  from space 1536K, 78% used [0x00000000d6d00000,0x00000000d6e2dc88,0x00000000d6e80000)
  to   space 1536K, 0% used [0x00000000d6f00000,0x00000000d6f00000,0x00000000d7080000)
 ParOldGen       total 68608K, used 19194K [0x0000000080000000, 0x0000000084300000, 0x00000000d5580000)
  object space 68608K, 27% used [0x0000000080000000,0x00000000812beb60,0x0000000084300000)
 Metaspace       used 34829K, committed 35840K, reserved 1114112K
  class space    used 3701K, committed 4096K, reserved 1048576K
}
Event: 11.914 GC heap after
{Heap after GC invocations=15 (full 1):
 PSYoungGen      total 22528K, used 276K [0x00000000d5580000, 0x00000000d6f80000, 0x0000000100000000)
  eden space 22016K, 0% used [0x00000000d5580000,0x00000000d5580000,0x00000000d6b00000)
  from space 512K, 53% used [0x00000000d6f00000,0x00000000d6f450e8,0x00000000d6f80000)
  to   space 1024K, 0% used [0x00000000d6d80000,0x00000000d6d80000,0x00000000d6e80000)
 ParOldGen       total 68608K, used 20263K [0x0000000080000000, 0x0000000084300000, 0x00000000d5580000)
  object space 68608K, 29% used [0x0000000080000000,0x00000000813c9e50,0x0000000084300000)
 Metaspace       used 34829K, committed 35840K, reserved 1114112K
  class space    used 3701K, committed 4096K, reserved 1048576K
}
Event: 11.914 GC heap before
{Heap before GC invocations=16 (full 2):
 PSYoungGen      total 22528K, used 276K [0x00000000d5580000, 0x00000000d6f80000, 0x0000000100000000)
  eden space 22016K, 0% used [0x00000000d5580000,0x00000000d5580000,0x00000000d6b00000)
  from space 512K, 53% used [0x00000000d6f00000,0x00000000d6f450e8,0x00000000d6f80000)
  to   space 1024K, 0% used [0x00000000d6d80000,0x00000000d6d80000,0x00000000d6e80000)
 ParOldGen       total 68608K, used 20263K [0x0000000080000000, 0x0000000084300000, 0x00000000d5580000)
  object space 68608K, 29% used [0x0000000080000000,0x00000000813c9e50,0x0000000084300000)
 Metaspace       used 34829K, committed 35840K, reserved 1114112K
  class space    used 3701K, committed 4096K, reserved 1048576K
}
Event: 12.008 GC heap after
{Heap after GC invocations=16 (full 2):
 PSYoungGen      total 22528K, used 0K [0x00000000d5580000, 0x00000000d6f80000, 0x0000000100000000)
  eden space 22016K, 0% used [0x00000000d5580000,0x00000000d5580000,0x00000000d6b00000)
  from space 512K, 0% used [0x00000000d6f00000,0x00000000d6f00000,0x00000000d6f80000)
  to   space 1024K, 0% used [0x00000000d6d80000,0x00000000d6d80000,0x00000000d6e80000)
 ParOldGen       total 68608K, used 18937K [0x0000000080000000, 0x0000000084300000, 0x00000000d5580000)
  object space 68608K, 27% used [0x0000000080000000,0x000000008127e638,0x0000000084300000)
 Metaspace       used 34808K, committed 35840K, reserved 1114112K
  class space    used 3695K, committed 4096K, reserved 1048576K
}
Event: 12.485 GC heap before
{Heap before GC invocations=17 (full 2):
 PSYoungGen      total 22528K, used 22016K [0x00000000d5580000, 0x00000000d6f80000, 0x0000000100000000)
  eden space 22016K, 100% used [0x00000000d5580000,0x00000000d6b00000,0x00000000d6b00000)
  from space 512K, 0% used [0x00000000d6f00000,0x00000000d6f00000,0x00000000d6f80000)
  to   space 1024K, 0% used [0x00000000d6d80000,0x00000000d6d80000,0x00000000d6e80000)
 ParOldGen       total 68608K, used 18950K [0x0000000080000000, 0x0000000084300000, 0x00000000d5580000)
  object space 68608K, 27% used [0x0000000080000000,0x0000000081281b70,0x0000000084300000)
 Metaspace       used 37793K, committed 38976K, reserved 1114112K
  class space    used 4121K, committed 4608K, reserved 1048576K
}
Event: 12.488 GC heap after
{Heap after GC invocations=17 (full 2):
 PSYoungGen      total 23040K, used 960K [0x00000000d5580000, 0x00000000d6f80000, 0x0000000100000000)
  eden space 22016K, 0% used [0x00000000d5580000,0x00000000d5580000,0x00000000d6b00000)
  from space 1024K, 93% used [0x00000000d6d80000,0x00000000d6e70000,0x00000000d6e80000)
  to   space 1024K, 0% used [0x00000000d6e80000,0x00000000d6e80000,0x00000000d6f80000)
 ParOldGen       total 68608K, used 18958K [0x0000000080000000, 0x0000000084300000, 0x00000000d5580000)
  object space 68608K, 27% used [0x0000000080000000,0x0000000081283b70,0x0000000084300000)
 Metaspace       used 37793K, committed 38976K, reserved 1114112K
  class space    used 4121K, committed 4608K, reserved 1048576K
}
Event: 13.054 GC heap before
{Heap before GC invocations=18 (full 2):
 PSYoungGen      total 23040K, used 22976K [0x00000000d5580000, 0x00000000d6f80000, 0x0000000100000000)
  eden space 22016K, 100% used [0x00000000d5580000,0x00000000d6b00000,0x00000000d6b00000)
  from space 1024K, 93% used [0x00000000d6d80000,0x00000000d6e70000,0x00000000d6e80000)
  to   space 1024K, 0% used [0x00000000d6e80000,0x00000000d6e80000,0x00000000d6f80000)
 ParOldGen       total 68608K, used 18961K [0x0000000080000000, 0x0000000084300000, 0x00000000d5580000)
  object space 68608K, 27% used [0x0000000080000000,0x0000000081284468,0x0000000084300000)
 Metaspace       used 40126K, committed 41216K, reserved 1114112K
  class space    used 4400K, committed 4864K, reserved 1048576K
}
Event: 13.059 GC heap after
{Heap after GC invocations=18 (full 2):
 PSYoungGen      total 22528K, used 996K [0x00000000d5580000, 0x00000000d7300000, 0x0000000100000000)
  eden space 21504K, 0% used [0x00000000d5580000,0x00000000d5580000,0x00000000d6a80000)
  from space 1024K, 97% used [0x00000000d6e80000,0x00000000d6f790c8,0x00000000d6f80000)
  to   space 4096K, 0% used [0x00000000d6a80000,0x00000000d6a80000,0x00000000d6e80000)
 ParOldGen       total 68608K, used 21295K [0x0000000080000000, 0x0000000084300000, 0x00000000d5580000)
  object space 68608K, 31% used [0x0000000080000000,0x00000000814cbdc8,0x0000000084300000)
 Metaspace       used 40126K, committed 41216K, reserved 1114112K
  class space    used 4400K, committed 4864K, reserved 1048576K
}
Event: 13.604 GC heap before
{Heap before GC invocations=19 (full 2):
 PSYoungGen      total 22528K, used 22500K [0x00000000d5580000, 0x00000000d7300000, 0x0000000100000000)
  eden space 21504K, 100% used [0x00000000d5580000,0x00000000d6a80000,0x00000000d6a80000)
  from space 1024K, 97% used [0x00000000d6e80000,0x00000000d6f790c8,0x00000000d6f80000)
  to   space 4096K, 0% used [0x00000000d6a80000,0x00000000d6a80000,0x00000000d6e80000)
 ParOldGen       total 68608K, used 21295K [0x0000000080000000, 0x0000000084300000, 0x00000000d5580000)
  object space 68608K, 31% used [0x0000000080000000,0x00000000814cbdc8,0x0000000084300000)
 Metaspace       used 41577K, committed 42816K, reserved 1114112K
  class space    used 4602K, committed 5120K, reserved 1048576K
}
Event: 13.610 GC heap after
{Heap after GC invocations=19 (full 2):
 PSYoungGen      total 25600K, used 4077K [0x00000000d5580000, 0x00000000d7c80000, 0x0000000100000000)
  eden space 21504K, 0% used [0x00000000d5580000,0x00000000d5580000,0x00000000d6a80000)
  from space 4096K, 99% used [0x00000000d6a80000,0x00000000d6e7b7d0,0x00000000d6e80000)
  to   space 9216K, 0% used [0x00000000d7380000,0x00000000d7380000,0x00000000d7c80000)
 ParOldGen       total 68608K, used 25481K [0x0000000080000000, 0x0000000084300000, 0x00000000d5580000)
  object space 68608K, 37% used [0x0000000080000000,0x00000000818e2738,0x0000000084300000)
 Metaspace       used 41577K, committed 42816K, reserved 1114112K
  class space    used 4602K, committed 5120K, reserved 1048576K
}

Dll operation events (10 events):
Event: 0.024 Loaded shared library c:\Users\sushm\.vscode\extensions\redhat.java-1.53.0-win32-x64\jre\21.0.10-win32-x86_64\bin\java.dll
Event: 0.171 Loaded shared library c:\Users\sushm\.vscode\extensions\redhat.java-1.53.0-win32-x64\jre\21.0.10-win32-x86_64\bin\zip.dll
Event: 0.222 Loaded shared library C:\Users\sushm\.vscode\extensions\redhat.java-1.53.0-win32-x64\jre\21.0.10-win32-x86_64\bin\instrument.dll
Event: 0.237 Loaded shared library C:\Users\sushm\.vscode\extensions\redhat.java-1.53.0-win32-x64\jre\21.0.10-win32-x86_64\bin\net.dll
Event: 0.242 Loaded shared library C:\Users\sushm\.vscode\extensions\redhat.java-1.53.0-win32-x64\jre\21.0.10-win32-x86_64\bin\nio.dll
Event: 0.247 Loaded shared library C:\Users\sushm\.vscode\extensions\redhat.java-1.53.0-win32-x64\jre\21.0.10-win32-x86_64\bin\zip.dll
Event: 0.291 Loaded shared library C:\Users\sushm\.vscode\extensions\redhat.java-1.53.0-win32-x64\jre\21.0.10-win32-x86_64\bin\jimage.dll
Event: 0.479 Loaded shared library c:\Users\sushm\.vscode\extensions\redhat.java-1.53.0-win32-x64\jre\21.0.10-win32-x86_64\bin\verify.dll
Event: 4.938 Loaded shared library C:\Users\sushm\AppData\Roaming\Code\User\globalStorage\redhat.java\1.53.0\config_win\org.eclipse.equinox.launcher\org.eclipse.equinox.launcher.win32.win32.x86_64_1.3.0.v20260203-2149\eclipse_11919.dll
Event: 7.303 Loaded shared library C:\Users\sushm\AppData\Local\Temp\jna-109804310\jna11017510488905693194.dll

Deoptimization events (20 events):
Event: 13.811 Thread 0x00000255fe3a3e60 Uncommon trap: trap_request=0xffffffde fr.pc=0x00000255aaa3e6d4 relative=0x0000000000000634
Event: 13.811 Thread 0x00000255fe3a3e60 Uncommon trap: reason=class_check action=maybe_recompile pc=0x00000255aaa3e6d4 method=java.util.TreeMap.put(Ljava/lang/Object;Ljava/lang/Object;Z)Ljava/lang/Object; @ 118 c2
Event: 13.812 Thread 0x00000255fe3a3e60 DEOPT PACKING pc=0x00000255aaa3e6d4 sp=0x000000d4ebbfdac0
Event: 13.812 Thread 0x00000255fe3a3e60 DEOPT UNPACKING pc=0x00000255aa486da2 sp=0x000000d4ebbfda50 mode 2
Event: 13.812 Thread 0x00000255fe3a3e60 Uncommon trap: trap_request=0xffffffde fr.pc=0x00000255aaa3e6d4 relative=0x0000000000000634
Event: 13.812 Thread 0x00000255fe3a3e60 Uncommon trap: reason=class_check action=maybe_recompile pc=0x00000255aaa3e6d4 method=java.util.TreeMap.put(Ljava/lang/Object;Ljava/lang/Object;Z)Ljava/lang/Object; @ 118 c2
Event: 13.813 Thread 0x00000255fe3a3e60 DEOPT PACKING pc=0x00000255aaa3e6d4 sp=0x000000d4ebbfdac0
Event: 13.813 Thread 0x00000255fe3a3e60 DEOPT UNPACKING pc=0x00000255aa486da2 sp=0x000000d4ebbfda50 mode 2
Event: 13.813 Thread 0x00000255fe3a3e60 Uncommon trap: trap_request=0xffffffde fr.pc=0x00000255aaa3e6d4 relative=0x0000000000000634
Event: 13.813 Thread 0x00000255fe3a3e60 Uncommon trap: reason=class_check action=maybe_recompile pc=0x00000255aaa3e6d4 method=java.util.TreeMap.put(Ljava/lang/Object;Ljava/lang/Object;Z)Ljava/lang/Object; @ 118 c2
Event: 13.814 Thread 0x00000255fe3a3e60 DEOPT PACKING pc=0x00000255aaa3e6d4 sp=0x000000d4ebbfdac0
Event: 13.814 Thread 0x00000255fe3a3e60 DEOPT UNPACKING pc=0x00000255aa486da2 sp=0x000000d4ebbfda50 mode 2
Event: 13.854 Thread 0x00000255fe3a3e60 Uncommon trap: trap_request=0xffffff45 fr.pc=0x00000255aab14984 relative=0x00000000000002a4
Event: 13.854 Thread 0x00000255fe3a3e60 Uncommon trap: reason=unstable_if action=reinterpret pc=0x00000255aab14984 method=java.lang.ClassLoader.checkName(Ljava/lang/String;)Z @ 1 c2
Event: 13.854 Thread 0x00000255fe3a3e60 DEOPT PACKING pc=0x00000255aab14984 sp=0x000000d4ebbfd890
Event: 13.854 Thread 0x00000255fe3a3e60 DEOPT UNPACKING pc=0x00000255aa486da2 sp=0x000000d4ebbfd828 mode 2
Event: 13.854 Thread 0x00000255fe3a3e60 Uncommon trap: trap_request=0xffffff45 fr.pc=0x00000255aaa84150 relative=0x0000000000000f90
Event: 13.854 Thread 0x00000255fe3a3e60 Uncommon trap: reason=unstable_if action=reinterpret pc=0x00000255aaa84150 method=lombok.patcher.ScriptManager$OurClassFileTransformer.transform(Ljava/lang/ClassLoader;Ljava/lang/String;Ljava/lang/Class;Ljava/security/ProtectionDomain;[B)[B @ 1 c2
Event: 13.854 Thread 0x00000255fe3a3e60 DEOPT PACKING pc=0x00000255aaa84150 sp=0x000000d4ebbfc510
Event: 13.854 Thread 0x00000255fe3a3e60 DEOPT UNPACKING pc=0x00000255aa486da2 sp=0x000000d4ebbfc490 mode 2

Classes loaded (20 events):
Event: 13.096 Loading class java/nio/channels/SocketChannel
Event: 13.097 Loading class java/nio/channels/NetworkChannel
Event: 13.101 Loading class java/nio/channels/NetworkChannel done
Event: 13.101 Loading class java/nio/channels/spi/AbstractSelectableChannel
Event: 13.102 Loading class java/nio/channels/SelectableChannel
Event: 13.102 Loading class java/nio/channels/SelectableChannel done
Event: 13.102 Loading class java/nio/channels/spi/AbstractSelectableChannel done
Event: 13.102 Loading class java/nio/channels/SocketChannel done
Event: 13.104 Loading class java/nio/channels/ServerSocketChannel
Event: 13.104 Loading class java/nio/channels/ServerSocketChannel done
Event: 13.271 Loading class sun/reflect/generics/repository/FieldRepository
Event: 13.272 Loading class sun/reflect/generics/repository/FieldRepository done
Event: 13.352 Loading class java/util/concurrent/CompletableFuture
Event: 13.353 Loading class java/util/concurrent/CompletableFuture done
Event: 13.588 Loading class jdk/internal/vm/annotation/IntrinsicCandidate
Event: 13.590 Loading class jdk/internal/vm/annotation/IntrinsicCandidate done
Event: 13.680 Loading class java/lang/ExceptionInInitializerError
Event: 13.681 Loading class java/lang/ExceptionInInitializerError done
Event: 13.850 Loading class jdk/internal/org/objectweb/asm/ClassReader
Event: 13.851 Loading class jdk/internal/org/objectweb/asm/ClassReader done

Classes unloaded (19 events):
Event: 8.167 Thread 0x000002559fc71d30 Unloading class 0x00000255b81a9400 'java/lang/invoke/LambdaForm$MH+0x00000255b81a9400'
Event: 8.167 Thread 0x000002559fc71d30 Unloading class 0x00000255b81a9000 'java/lang/invoke/LambdaForm$MH+0x00000255b81a9000'
Event: 8.167 Thread 0x000002559fc71d30 Unloading class 0x00000255b81a8c00 'java/lang/invoke/LambdaForm$MH+0x00000255b81a8c00'
Event: 8.167 Thread 0x000002559fc71d30 Unloading class 0x00000255b81a8800 'java/lang/invoke/LambdaForm$MH+0x00000255b81a8800'
Event: 8.167 Thread 0x000002559fc71d30 Unloading class 0x00000255b81a8400 'java/lang/invoke/LambdaForm$BMH+0x00000255b81a8400'
Event: 8.167 Thread 0x000002559fc71d30 Unloading class 0x00000255b81a8000 'java/lang/invoke/LambdaForm$DMH+0x00000255b81a8000'
Event: 8.167 Thread 0x000002559fc71d30 Unloading class 0x00000255b81a6c00 'java/lang/invoke/LambdaForm$DMH+0x00000255b81a6c00'
Event: 11.934 Thread 0x000002559fc71d30 Unloading class 0x00000255b8336800 'java/lang/invoke/LambdaForm$MH+0x00000255b8336800'
Event: 11.934 Thread 0x000002559fc71d30 Unloading class 0x00000255b8335c00 'java/lang/invoke/LambdaForm$MH+0x00000255b8335c00'
Event: 11.934 Thread 0x000002559fc71d30 Unloading class 0x00000255b8335400 'java/lang/invoke/LambdaForm$MH+0x00000255b8335400'
Event: 11.934 Thread 0x000002559fc71d30 Unloading class 0x00000255b8335000 'java/lang/invoke/LambdaForm$DMH+0x00000255b8335000'
Event: 11.934 Thread 0x000002559fc71d30 Unloading class 0x00000255b8334000 'java/lang/invoke/LambdaForm$MH+0x00000255b8334000'
Event: 11.934 Thread 0x000002559fc71d30 Unloading class 0x00000255b832a800 'java/lang/invoke/LambdaForm$MH+0x00000255b832a800'
Event: 11.934 Thread 0x000002559fc71d30 Unloading class 0x00000255b8329c00 'java/lang/invoke/LambdaForm$MH+0x00000255b8329c00'
Event: 11.934 Thread 0x000002559fc71d30 Unloading class 0x00000255b8329400 'java/lang/invoke/LambdaForm$MH+0x00000255b8329400'
Event: 11.934 Thread 0x000002559fc71d30 Unloading class 0x00000255b8328c00 'java/lang/invoke/LambdaForm$MH+0x00000255b8328c00'
Event: 11.934 Thread 0x000002559fc71d30 Unloading class 0x00000255b8328400 'java/lang/invoke/LambdaForm$MH+0x00000255b8328400'
Event: 11.934 Thread 0x000002559fc71d30 Unloading class 0x00000255b8321c00 'java/lang/invoke/LambdaForm$MH+0x00000255b8321c00'
Event: 11.934 Thread 0x000002559fc71d30 Unloading class 0x00000255b8321800 'java/lang/invoke/LambdaForm$MH+0x00000255b8321800'

Classes redefined (0 events):
No events

Internal exceptions (20 events):
Event: 9.266 Thread 0x00000255fe3a37d0 Exception <a 'java/lang/NoSuchMethodError'{0x00000000d5808a28}: 'int java.lang.invoke.Invokers$Holder.linkToTargetMethod(java.lang.Object, java.lang.Object)'> (0x00000000d5808a28) 
thrown [s\src\hotspot\share\interpreter\linkResolver.cpp, line 773]
Event: 9.270 Thread 0x00000255fe3a37d0 Exception <a 'java/lang/NoSuchMethodError'{0x00000000d5819f10}: 'int java.lang.invoke.DirectMethodHandle$Holder.invokeSpecial(java.lang.Object, java.lang.Object, java.lang.Object, java.lang.Object)'> (0x00000000d5819f10) 
thrown [s\src\hotspot\share\interpreter\linkResolver.cpp, line 773]
Event: 9.279 Thread 0x00000255fe3a37d0 Exception <a 'java/lang/NoSuchMethodError'{0x00000000d588cc00}: 'java.lang.Object java.lang.invoke.DirectMethodHandle$Holder.invokeStatic(java.lang.Object, int, java.lang.Object, java.lang.Object)'> (0x00000000d588cc00) 
thrown [s\src\hotspot\share\interpreter\linkResolver.cpp, line 773]
Event: 9.280 Thread 0x00000255fe3a37d0 Exception <a 'java/lang/NoSuchMethodError'{0x00000000d58903e0}: 'java.lang.Object java.lang.invoke.DelegatingMethodHandle$Holder.delegate(java.lang.Object, int, java.lang.Object, java.lang.Object)'> (0x00000000d58903e0) 
thrown [s\src\hotspot\share\interpreter\linkResolver.cpp, line 773]
Event: 9.284 Thread 0x00000255fe3a37d0 Exception <a 'java/lang/NoSuchMethodError'{0x00000000d58ba368}: 'int java.lang.invoke.Invokers$Holder.linkToTargetMethod(java.lang.Object, java.lang.Object, java.lang.Object)'> (0x00000000d58ba368) 
thrown [s\src\hotspot\share\interpreter\linkResolver.cpp, line 773]
Event: 9.546 Thread 0x00000255fe3a44f0 Exception <a 'java/lang/NoSuchMethodError'{0x00000000d64b6440}: 'void java.lang.invoke.DirectMethodHandle$Holder.invokeStaticInit(java.lang.Object, java.lang.Object, java.lang.Object)'> (0x00000000d64b6440) 
thrown [s\src\hotspot\share\interpreter\linkResolver.cpp, line 773]
Event: 9.548 Thread 0x00000255fe3a3e60 Exception <a 'java/lang/NoSuchMethodError'{0x00000000d64cd280}: 'java.lang.Object java.lang.invoke.DirectMethodHandle$Holder.invokeSpecialIFC(java.lang.Object, java.lang.Object, java.lang.Object, java.lang.Object)'> (0x00000000d64cd280) 
thrown [s\src\hotspot\share\interpreter\linkResolver.cpp, line 773]
Event: 9.616 Thread 0x00000255fe457b30 Exception <a 'java/lang/NoSuchMethodError'{0x00000000d696a038}: 'void java.lang.invoke.DirectMethodHandle$Holder.invokeStaticInit(java.lang.Object, java.lang.Object, java.lang.Object, java.lang.Object)'> (0x00000000d696a038) 
thrown [s\src\hotspot\share\interpreter\linkResolver.cpp, line 773]
Event: 10.864 Thread 0x00000255fe3a3e60 Exception <a 'java/lang/NoClassDefFoundError'{0x00000000d5c93550}: javax/enterprise/inject/Typed> (0x00000000d5c93550) 
thrown [s\src\hotspot\share\classfile\systemDictionary.cpp, line 301]
Event: 12.099 Thread 0x00000255fe3a44f0 Exception <a 'java/lang/NoSuchMethodError'{0x00000000d593ae38}: 'java.lang.Object java.lang.invoke.DirectMethodHandle$Holder.invokeVirtual(java.lang.Object, java.lang.Object, java.lang.Object, java.lang.Object)'> (0x00000000d593ae38) 
thrown [s\src\hotspot\share\interpreter\linkResolver.cpp, line 773]
Event: 12.110 Thread 0x00000255fe3a44f0 Exception <a 'java/lang/NoSuchMethodError'{0x00000000d59b5e50}: 'java.lang.Object java.lang.invoke.DirectMethodHandle$Holder.invokeVirtual(java.lang.Object, java.lang.Object, java.lang.Object, java.lang.Object, java.lang.Object)'> (0x00000000d59b5e50) 
thrown [s\src\hotspot\share\interpreter\linkResolver.cpp, line 773]
Event: 12.326 Thread 0x00000255fe1a0950 Exception <a 'java/lang/ClassNotFoundException'{0x00000000d619a0a8}: com/sun/org/apache/xml/internal/serializer/spi/XMLEntitiesProvider> (0x00000000d619a0a8) 
thrown [s\src\hotspot\share\classfile\systemDictionary.cpp, line 312]
Event: 12.935 Thread 0x000002559d9dbca0 Exception <a 'java/lang/NoSuchMethodError'{0x00000000d68dda50}: 'java.lang.Object java.lang.invoke.DirectMethodHandle$Holder.invokeStatic(java.lang.Object, long, java.lang.Object)'> (0x00000000d68dda50) 
thrown [s\src\hotspot\share\interpreter\linkResolver.cpp, line 773]
Event: 12.939 Thread 0x000002559d9dbca0 Exception <a 'java/lang/NoSuchMethodError'{0x00000000d6923230}: 'java.lang.Object java.lang.invoke.DirectMethodHandle$Holder.invokeStaticInit(java.lang.Object, long, java.lang.Object)'> (0x00000000d6923230) 
thrown [s\src\hotspot\share\interpreter\linkResolver.cpp, line 773]
Event: 12.943 Thread 0x000002559d9dbca0 Exception <a 'java/lang/NoSuchMethodError'{0x00000000d692a018}: 'java.lang.Object java.lang.invoke.DirectMethodHandle$Holder.newInvokeSpecial(java.lang.Object, long)'> (0x00000000d692a018) 
thrown [s\src\hotspot\share\interpreter\linkResolver.cpp, line 773]
Event: 13.685 Thread 0x00000255fe3a3e60 Exception <a 'java/lang/ExceptionInInitializerError'{0x00000000d57bd2c0}> (0x00000000d57bd2c0) 
thrown [s\src\hotspot\share\oops\instanceKlass.cpp, line 1220]
Event: 13.843 Thread 0x00000255fe3a3e60 Exception <a 'java/lang/NoSuchMethodError'{0x00000000d59c6d88}: 'long java.lang.invoke.DirectMethodHandle$Holder.invokeStatic(java.lang.Object, java.lang.Object, int)'> (0x00000000d59c6d88) 
thrown [s\src\hotspot\share\interpreter\linkResolver.cpp, line 773]
Event: 13.854 Thread 0x00000255fe3a3e60 Implicit null exception at 0x00000255aab146fe to 0x00000255aab14970
Event: 13.854 Thread 0x00000255fe3a3e60 Implicit null exception at 0x00000255aaa8321c to 0x00000255aaa84140
Event: 13.862 Thread 0x00000255fe3a3e60 Exception <a 'java/lang/NoSuchMethodError'{0x00000000d5a514f8}: 'java.lang.Object java.lang.invoke.Invokers$Holder.invokeExact_MT(java.lang.Object, int, java.lang.Object)'> (0x00000000d5a514f8) 
thrown [s\src\hotspot\share\interpreter\linkResolver.cpp, line 773]

ZGC Phase Switch (0 events):
No events

VM Operations (20 events):
Event: 12.259 Executing non-safepoint VM operation: HandshakeAllThreads (Deoptimize) done
Event: 12.484 Executing safepoint VM operation: ParallelGCFailedAllocation (Allocation Failure)
Event: 12.485 Executing safepoint VM operation: ParallelGCFailedAllocation (Allocation Failure) done
Event: 12.485 Executing safepoint VM operation: ParallelGCSystemGC (GCLocker Initiated GC)
Event: 12.488 Executing safepoint VM operation: ParallelGCSystemGC (GCLocker Initiated GC) done
Event: 12.539 Executing non-safepoint VM operation: HandshakeAllThreads (Deoptimize)
Event: 12.540 Executing non-safepoint VM operation: HandshakeAllThreads (Deoptimize) done
Event: 12.613 Executing non-safepoint VM operation: HandshakeAllThreads (Deoptimize)
Event: 12.614 Executing non-safepoint VM operation: HandshakeAllThreads (Deoptimize) done
Event: 12.710 Executing non-safepoint VM operation: HandshakeAllThreads (Deoptimize)
Event: 12.715 Executing non-safepoint VM operation: HandshakeAllThreads (Deoptimize) done
Event: 13.012 Executing safepoint VM operation: ParallelGCFailedAllocation (Allocation Failure)
Event: 13.059 Executing safepoint VM operation: ParallelGCFailedAllocation (Allocation Failure) done
Event: 13.604 Executing safepoint VM operation: ParallelGCFailedAllocation (Allocation Failure)
Event: 13.610 Executing safepoint VM operation: ParallelGCFailedAllocation (Allocation Failure) done
Event: 13.995 Executing non-safepoint VM operation: HandshakeAllThreads (Deoptimize)
Event: 13.998 Executing non-safepoint VM operation: HandshakeAllThreads (Deoptimize) done
Event: 14.021 Executing non-safepoint VM operation: HandshakeAllThreads (Deoptimize)
Event: 14.021 Executing non-safepoint VM operation: HandshakeAllThreads (Deoptimize) done
Event: 15.021 Executing safepoint VM operation: Cleanup

Memory protections (0 events):
No events

Nmethod flushes (20 events):
Event: 11.958 Thread 0x000002559fc71d30 flushing  nmethod 0x00000255a3568b90
Event: 11.958 Thread 0x000002559fc71d30 flushing  nmethod 0x00000255a3569d90
Event: 11.958 Thread 0x000002559fc71d30 flushing  nmethod 0x00000255a356aa10
Event: 11.958 Thread 0x000002559fc71d30 flushing  nmethod 0x00000255a356b190
Event: 11.958 Thread 0x000002559fc71d30 flushing  nmethod 0x00000255a356c710
Event: 11.958 Thread 0x000002559fc71d30 flushing  nmethod 0x00000255a356d410
Event: 11.958 Thread 0x000002559fc71d30 flushing  nmethod 0x00000255a356f010
Event: 11.958 Thread 0x000002559fc71d30 flushing  nmethod 0x00000255a356fc90
Event: 11.958 Thread 0x000002559fc71d30 flushing  nmethod 0x00000255a3570190
Event: 11.958 Thread 0x000002559fc71d30 flushing  nmethod 0x00000255a3570990
Event: 11.958 Thread 0x000002559fc71d30 flushing  nmethod 0x00000255a3571e90
Event: 11.958 Thread 0x000002559fc71d30 flushing  nmethod 0x00000255a357ae90
Event: 11.958 Thread 0x000002559fc71d30 flushing  nmethod 0x00000255a358d490
Event: 11.958 Thread 0x000002559fc71d30 flushing  nmethod 0x00000255a3597310
Event: 11.958 Thread 0x000002559fc71d30 flushing  nmethod 0x00000255a35a7090
Event: 11.958 Thread 0x000002559fc71d30 flushing  nmethod 0x00000255a35aad10
Event: 11.958 Thread 0x000002559fc71d30 flushing  nmethod 0x00000255a35af190
Event: 11.958 Thread 0x000002559fc71d30 flushing  nmethod 0x00000255a35b5e10
Event: 11.958 Thread 0x000002559fc71d30 flushing  nmethod 0x00000255a3600f10
Event: 11.958 Thread 0x000002559fc71d30 flushing  nmethod 0x00000255a361dc90

Events (20 events):
Event: 7.630 Thread 0x00000255fe4574a0 Thread added: 0x00000255fe457b30
Event: 8.887 Thread 0x00000255fe4574a0 Thread added: 0x00000255fe3a3e60
Event: 9.161 Thread 0x00000255fe3a3e60 Thread added: 0x00000255fe3a37d0
Event: 9.176 Thread 0x00000255fe3a37d0 Thread added: 0x00000255fe3a44f0
Event: 9.494 Thread 0x00000255fe3a44f0 Thread added: 0x00000255fe3a3140
Event: 9.534 Thread 0x00000255fe3a44f0 Thread added: 0x00000255fe3a58a0
Event: 9.806 Thread 0x000002559fc8a360 Thread added: 0x0000025580d77c50
Event: 11.551 Thread 0x00000255fe1a0950 Thread added: 0x00000255fe3a2ab0
Event: 11.640 Thread 0x00000255fe3a44f0 Thread added: 0x00000255fe3a4b80
Event: 12.441 Thread 0x00000255fe3a44f0 Thread added: 0x00000255fe3a6c50
Event: 12.995 Thread 0x000002559d9dbca0 Thread added: 0x00000255fe3a5f30
Event: 12.999 Thread 0x000002559d9dbca0 Thread added: 0x00000255fe3a8d20
Event: 12.999 Thread 0x000002559d9dbca0 Thread added: 0x00000255fe3a72e0
Event: 13.000 Thread 0x000002559d9dbca0 Thread added: 0x00000255fe3a9a40
Event: 13.000 Thread 0x000002559d9dbca0 Thread added: 0x00000255fe3a93b0
Event: 13.003 Thread 0x000002559d9dbca0 Thread added: 0x00000255fe3a8690
Event: 13.012 Thread 0x000002559d9dbca0 Thread added: 0x00000255fe3a7970
Event: 13.060 Thread 0x000002559d9dbca0 Thread added: 0x00000255fe3a65c0
Event: 13.060 Thread 0x000002559d9dbca0 Thread added: 0x00000255fe3a8000
Event: 13.327 Thread 0x000002559d9dbca0 Thread added: 0x0000025580d96650


Dynamic libraries:
0x00007ff6b2fc0000 - 0x00007ff6b2fce000 	c:\Users\sushm\.vscode\extensions\redhat.java-1.53.0-win32-x64\jre\21.0.10-win32-x86_64\bin\java.exe
0x00007ff877ea0000 - 0x00007ff878108000 	C:\WINDOWS\SYSTEM32\ntdll.dll
0x00007ff876ef0000 - 0x00007ff876fb9000 	C:\WINDOWS\System32\KERNEL32.DLL
0x00007ff875870000 - 0x00007ff875c62000 	C:\WINDOWS\System32\KERNELBASE.dll
0x00007ff8754b0000 - 0x00007ff8755fb000 	C:\WINDOWS\System32\ucrtbase.dll
0x00007fffcad50000 - 0x00007fffcad6e000 	c:\Users\sushm\.vscode\extensions\redhat.java-1.53.0-win32-x64\jre\21.0.10-win32-x86_64\bin\VCRUNTIME140.dll
0x00007fffc8d40000 - 0x00007fffc8d58000 	c:\Users\sushm\.vscode\extensions\redhat.java-1.53.0-win32-x64\jre\21.0.10-win32-x86_64\bin\jli.dll
0x00007ff852170000 - 0x00007ff852403000 	C:\WINDOWS\WinSxS\amd64_microsoft.windows.common-controls_6595b64144ccf1df_6.0.26100.6725_none_3e085828e334708b\COMCTL32.dll
0x00007ff8761d0000 - 0x00007ff876279000 	C:\WINDOWS\System32\msvcrt.dll
0x00007ff877250000 - 0x00007ff87727b000 	C:\WINDOWS\System32\GDI32.dll
0x00007ff877550000 - 0x00007ff877715000 	C:\WINDOWS\System32\USER32.dll
0x00007ff875840000 - 0x00007ff875867000 	C:\WINDOWS\System32\win32u.dll
0x00007ff875380000 - 0x00007ff8754ad000 	C:\WINDOWS\System32\gdi32full.dll
0x00007ff875030000 - 0x00007ff8750d3000 	C:\WINDOWS\System32\msvcp_win.dll
0x00007ff877210000 - 0x00007ff87723f000 	C:\WINDOWS\System32\IMM32.DLL
0x00007ff838b70000 - 0x00007ff838b7c000 	c:\Users\sushm\.vscode\extensions\redhat.java-1.53.0-win32-x64\jre\21.0.10-win32-x86_64\bin\vcruntime140_1.dll
0x00007fffadad0000 - 0x00007fffadb5d000 	c:\Users\sushm\.vscode\extensions\redhat.java-1.53.0-win32-x64\jre\21.0.10-win32-x86_64\bin\msvcp140.dll
0x00007fffac7b0000 - 0x00007fffad551000 	c:\Users\sushm\.vscode\extensions\redhat.java-1.53.0-win32-x64\jre\21.0.10-win32-x86_64\bin\server\jvm.dll
0x00007ff876280000 - 0x00007ff876334000 	C:\WINDOWS\System32\ADVAPI32.dll
0x00007ff877030000 - 0x00007ff8770d6000 	C:\WINDOWS\System32\sechost.dll
0x00007ff876d40000 - 0x00007ff876e58000 	C:\WINDOWS\System32\RPCRT4.dll
0x00007ff877c80000 - 0x00007ff877cf4000 	C:\WINDOWS\System32\WS2_32.dll
0x00007ff874e90000 - 0x00007ff874eee000 	C:\WINDOWS\SYSTEM32\POWRPROF.dll
0x00007ff86d620000 - 0x00007ff86d655000 	C:\WINDOWS\SYSTEM32\WINMM.dll
0x00007ff866a60000 - 0x00007ff866a6b000 	C:\WINDOWS\SYSTEM32\VERSION.dll
0x00007ff874e70000 - 0x00007ff874e84000 	C:\WINDOWS\SYSTEM32\UMPDC.dll
0x00007ff873e00000 - 0x00007ff873e1b000 	C:\WINDOWS\SYSTEM32\kernel.appcore.dll
0x00007ff832ad0000 - 0x00007ff832ada000 	c:\Users\sushm\.vscode\extensions\redhat.java-1.53.0-win32-x64\jre\21.0.10-win32-x86_64\bin\jimage.dll
0x00007ff872810000 - 0x00007ff872a52000 	C:\WINDOWS\SYSTEM32\DBGHELP.DLL
0x00007ff875c70000 - 0x00007ff875feb000 	C:\WINDOWS\System32\combase.dll
0x00007ff8763f0000 - 0x00007ff8764c7000 	C:\WINDOWS\System32\OLEAUT32.dll
0x00007ff84c070000 - 0x00007ff84c0ac000 	C:\WINDOWS\SYSTEM32\dbgcore.DLL
0x00007ff8752e0000 - 0x00007ff875378000 	C:\WINDOWS\System32\bcryptPrimitives.dll
0x00007ff8005b0000 - 0x00007ff8005bf000 	c:\Users\sushm\.vscode\extensions\redhat.java-1.53.0-win32-x64\jre\21.0.10-win32-x86_64\bin\instrument.dll
0x00007fffade70000 - 0x00007fffade90000 	c:\Users\sushm\.vscode\extensions\redhat.java-1.53.0-win32-x64\jre\21.0.10-win32-x86_64\bin\java.dll
0x00007ff8765e0000 - 0x00007ff876d2c000 	C:\WINDOWS\System32\SHELL32.dll
0x00007ff875170000 - 0x00007ff8752db000 	C:\WINDOWS\System32\wintypes.dll
0x00007ff872c50000 - 0x00007ff8734ad000 	C:\WINDOWS\SYSTEM32\windows.storage.dll
0x00007ff877280000 - 0x00007ff877372000 	C:\WINDOWS\System32\SHCORE.dll
0x00007ff876fc0000 - 0x00007ff877022000 	C:\WINDOWS\System32\shlwapi.dll
0x00007ff874f50000 - 0x00007ff874f79000 	C:\WINDOWS\SYSTEM32\profapi.dll
0x00007fffade50000 - 0x00007fffade68000 	c:\Users\sushm\.vscode\extensions\redhat.java-1.53.0-win32-x64\jre\21.0.10-win32-x86_64\bin\zip.dll
0x00007ff826250000 - 0x00007ff826260000 	C:\Users\sushm\.vscode\extensions\redhat.java-1.53.0-win32-x64\jre\21.0.10-win32-x86_64\bin\net.dll
0x00007ff867490000 - 0x00007ff8675af000 	C:\WINDOWS\SYSTEM32\WINHTTP.dll
0x00007ff874370000 - 0x00007ff8743db000 	C:\WINDOWS\system32\mswsock.dll
0x00007fffade30000 - 0x00007fffade46000 	C:\Users\sushm\.vscode\extensions\redhat.java-1.53.0-win32-x64\jre\21.0.10-win32-x86_64\bin\nio.dll
0x00007fffe9bc0000 - 0x00007fffe9bd0000 	c:\Users\sushm\.vscode\extensions\redhat.java-1.53.0-win32-x64\jre\21.0.10-win32-x86_64\bin\verify.dll
0x00007ff832900000 - 0x00007ff832945000 	C:\Users\sushm\AppData\Roaming\Code\User\globalStorage\redhat.java\1.53.0\config_win\org.eclipse.equinox.launcher\org.eclipse.equinox.launcher.win32.win32.x86_64_1.3.0.v20260203-2149\eclipse_11919.dll
0x00007ff8773b0000 - 0x00007ff877548000 	C:\WINDOWS\System32\ole32.dll
0x00007ff874630000 - 0x00007ff87464b000 	C:\WINDOWS\SYSTEM32\CRYPTSP.dll
0x00007ff873d60000 - 0x00007ff873d9b000 	C:\WINDOWS\system32\rsaenh.dll
0x00007ff874410000 - 0x00007ff87443b000 	C:\WINDOWS\SYSTEM32\USERENV.dll
0x00007ff874f20000 - 0x00007ff874f46000 	C:\WINDOWS\SYSTEM32\bcrypt.dll
0x00007ff874620000 - 0x00007ff87462c000 	C:\WINDOWS\SYSTEM32\CRYPTBASE.dll
0x00007ff8737e0000 - 0x00007ff873814000 	C:\WINDOWS\SYSTEM32\IPHLPAPI.DLL
0x00007ff876340000 - 0x00007ff87634a000 	C:\WINDOWS\System32\NSI.dll
0x00007ff8328b0000 - 0x00007ff8328f9000 	C:\Users\sushm\AppData\Local\Temp\jna-109804310\jna11017510488905693194.dll
0x00007ff876d30000 - 0x00007ff876d38000 	C:\WINDOWS\System32\PSAPI.DLL
0x00007ff86f050000 - 0x00007ff86f06e000 	C:\WINDOWS\SYSTEM32\dhcpcsvc6.DLL
0x00007ff86eff0000 - 0x00007ff86f013000 	C:\WINDOWS\SYSTEM32\dhcpcsvc.DLL

JVMTI agents:
c:\Users\sushm\.vscode\extensions\redhat.java-1.53.0-win32-x64\lombok\lombok-1.18.39-4050.jar path:c:\Users\sushm\.vscode\extensions\redhat.java-1.53.0-win32-x64\jre\21.0.10-win32-x86_64\bin\instrument.dll, loaded, initialized, instrumentlib options:none

dbghelp: loaded successfully - version: 4.0.5 - missing functions: none
symbol engine: initialized successfully - sym options: 0x614 - pdb path: .;c:\Users\sushm\.vscode\extensions\redhat.java-1.53.0-win32-x64\jre\21.0.10-win32-x86_64\bin;C:\WINDOWS\SYSTEM32;C:\WINDOWS\WinSxS\amd64_microsoft.windows.common-controls_6595b64144ccf1df_6.0.26100.6725_none_3e085828e334708b;c:\Users\sushm\.vscode\extensions\redhat.java-1.53.0-win32-x64\jre\21.0.10-win32-x86_64\bin\server;C:\Users\sushm\AppData\Roaming\Code\User\globalStorage\redhat.java\1.53.0\config_win\org.eclipse.equinox.launcher\org.eclipse.equinox.launcher.win32.win32.x86_64_1.3.0.v20260203-2149;C:\Users\sushm\AppData\Local\Temp\jna-109804310

VM Arguments:
jvm_args: --add-modules=ALL-SYSTEM --add-opens=java.base/java.util=ALL-UNNAMED --add-opens=java.base/java.lang=ALL-UNNAMED --add-opens=java.base/sun.nio.fs=ALL-UNNAMED -Declipse.application=org.eclipse.jdt.ls.core.id1 -Dosgi.bundles.defaultStartLevel=4 -Declipse.product=org.eclipse.jdt.ls.core.product -Djava.import.generatesMetadataFilesAtProjectRoot=false -DDetectVMInstallationsJob.disabled=true -Dfile.encoding=utf8 -XX:+UseParallelGC -XX:GCTimeRatio=4 -XX:AdaptiveSizePolicyWeight=90 -Dsun.zip.disableMemoryMapping=true -Xmx2G -Xms100m -Xlog:disable -javaagent:c:\Users\sushm\.vscode\extensions\redhat.java-1.53.0-win32-x64\lombok\lombok-1.18.39-4050.jar -XX:+HeapDumpOnOutOfMemoryError -XX:HeapDumpPath=c:\Users\sushm\AppData\Roaming\Code\User\workspaceStorage\3d8c0b4e45cbfe884bd65b432757418f\redhat.java -Daether.dependencyCollector.impl=bf 
java_command: c:\Users\sushm\.vscode\extensions\redhat.java-1.53.0-win32-x64\server\plugins\org.eclipse.equinox.launcher_1.7.100.v20251111-0406.jar -configuration c:\Users\sushm\AppData\Roaming\Code\User\globalStorage\redhat.java\1.53.0\config_win -data c:\Users\sushm\AppData\Roaming\Code\User\workspaceStorage\3d8c0b4e45cbfe884bd65b432757418f\redhat.java\jdt_ws --pipe=\\.\pipe\lsp-c55d0b85f3120c31055f0c5adedfc064-sock
java_class_path (initial): c:\Users\sushm\.vscode\extensions\redhat.java-1.53.0-win32-x64\server\plugins\org.eclipse.equinox.launcher_1.7.100.v20251111-0406.jar
Launcher Type: SUN_STANDARD

[Global flags]
    uintx AdaptiveSizePolicyWeight                 = 90                                        {product} {command line}
     intx CICompilerCount                          = 4                                         {product} {ergonomic}
    uintx GCTimeRatio                              = 4                                         {product} {command line}
     bool HeapDumpOnOutOfMemoryError               = true                                   {manageable} {command line}
    ccstr HeapDumpPath                             = c:\Users\sushm\AppData\Roaming\Code\User\workspaceStorage\3d8c0b4e45cbfe884bd65b432757418f\redhat.java         {manageable} {command line}
   size_t InitialHeapSize                          = 104857600                                 {product} {command line}
   size_t MaxHeapSize                              = 2147483648                                {product} {command line}
   size_t MaxNewSize                               = 715653120                                 {product} {ergonomic}
   size_t MinHeapDeltaBytes                        = 524288                                    {product} {ergonomic}
   size_t MinHeapSize                              = 104857600                                 {product} {command line}
   size_t NewSize                                  = 34603008                                  {product} {ergonomic}
    uintx NonNMethodCodeHeapSize                   = 5839372                                {pd product} {ergonomic}
    uintx NonProfiledCodeHeapSize                  = 122909434                              {pd product} {ergonomic}
   size_t OldSize                                  = 70254592                                  {product} {ergonomic}
    uintx ProfiledCodeHeapSize                     = 122909434                              {pd product} {ergonomic}
    uintx ReservedCodeCacheSize                    = 251658240                              {pd product} {ergonomic}
     bool SegmentedCodeCache                       = true                                      {product} {ergonomic}
   size_t SoftMaxHeapSize                          = 2147483648                             {manageable} {ergonomic}
     bool UseCompressedOops                        = true                           {product lp64_product} {ergonomic}
     bool UseLargePagesIndividualAllocation        = false                                  {pd product} {ergonomic}
     bool UseParallelGC                            = true                                      {product} {command line}

Logging:
Log output configuration:
 #0: stdout all=off uptime,level,tags foldmultilines=false
 #1: stderr all=off uptime,level,tags foldmultilines=false

Release file:
JAVA_VERSION="21.0.10" 
MODULES="java.base java.compiler java.datatransfer java.xml java.prefs java.desktop java.instrument java.logging java.management java.security.sasl java.naming java.rmi java.management.rmi java.net.http java.scripting java.security.jgss java.transaction.xa java.sql java.sql.rowset java.xml.crypto java.se java.smartcardio jdk.accessibility jdk.internal.jvmstat jdk.attach jdk.charsets jdk.internal.opt jdk.zipfs jdk.compiler jdk.crypto.ec jdk.crypto.cryptoki jdk.crypto.mscapi jdk.dynalink jdk.internal.ed jdk.editpad jdk.hotspot.agent jdk.httpserver jdk.internal.le jdk.internal.vm.ci jdk.internal.vm.compiler jdk.internal.vm.compiler.management jdk.jartool jdk.javadoc jdk.jcmd jdk.management jdk.management.agent jdk.jconsole jdk.jdeps jdk.jdwp.agent jdk.jdi jdk.jfr jdk.jshell jdk.jsobject jdk.jstatd jdk.localedata jdk.management.jfr jdk.naming.dns jdk.naming.rmi jdk.net jdk.nio.mapmode jdk.random jdk.sctp jdk.security.auth jdk.security.jgss jdk.unsupported jdk.unsupported.desktop jdk.xml.dom" 

Environment Variables:
JAVA_HOME=C:\Program Files\Java\jdk-21
CLASSPATH=C:\Program Files (x86)\MySQL\Connector J 8.0;C:\Program Files\MongoDB\Server\7.0\bin;
PATH=C:\Program Files\Java\jdk-21\bin;C:\Windows\system32;C:\Windows;C:\Windows\System32\Wbem;C:\Windows\System32\WindowsPowerShell\v1.0\;C:\Windows\System32\OpenSSH\;C:\Program Files\NVIDIA Corporation\NVIDIA NvDLISR;C:\Program Files\dotnet\;C:\WINDOWS\system32;C:\WINDOWS;C:\WINDOWS\System32\Wbem;C:\WINDOWS\System32\WindowsPowerShell\v1.0\;C:\WINDOWS\System32\OpenSSH\;C:\Program Files\Microsoft SQL Server\Client SDK\ODBC\170\Tools\Binn\;C:\Program Files (x86)\Microsoft SQL Server\160\Tools\Binn\;C:\Program Files\Microsoft SQL Server\160\Tools\Binn\;C:\Program Files\Microsoft SQL Server\160\DTS\Binn\;C:\Program Files\MongoDB\Server\7.0\bin;C:\Program Files\nodejs\;C:\ProgramData\chocolatey\bin;C:\Program Files\Git\cmd;C:\Users\sushm\AppData\Roaming\npm\node_modules;C:\Users\sushm\AppData\Local\Programs\Python\Python3.13;C:\Users\sushm\AppData\Roaming\npm;C:\Program Files\apache-maven-3.9.12\bin;C:\Users\sushm\.console-ninja\.bin;C:\Users\sushm\AppData\Local\Programs\Python\Python310\Scripts\;C:\Users\sushm\AppData\Local\Programs\Python\Python310\;C:\Users\sushm\AppData\Local\Programs\Python\Python313\Scripts\;C:\Users\sushm\AppData\Local\Programs\Python\Python313\;C:\Users\sushm\anaconda3\pkgs\graphviz-2.50.0-h13c2760_2\Library\bin;C:\Users\sushm\AppData\Local\Android\Sdk;C:\Users\sushm\AppData\Local\Android\Sdk\platform-tools;C:\Users\sushm\AppData\Local\Android\Sdk\emulator;C:\Users\sushm\AppData\Local\Programs\Microsoft VS Code\bin;C:\Users\sushm\AppData\Local\Programs\Python\Python3.13\;C:\Users\sushm\AppData\Roaming\Microsoft\Windows\Start Menu\Programs;C:\Users\sushm\AppData\Local\Programs\Python\Python3.13\Scripts\;C:\Users\sushm\AppData\Local\Programs\Antigravity\bin
USERNAME=sushm
OS=Windows_NT
PROCESSOR_IDENTIFIER=Intel64 Family 6 Model 140 Stepping 1, GenuineIntel
TMP=C:\Users\sushm\AppData\Local\Temp
TEMP=C:\Users\sushm\AppData\Local\Temp




Periodic native trim disabled

---------------  S Y S T E M  ---------------

OS:
 Windows 11 , 64 bit Build 26100 (10.0.26100.6725)
OS uptime: 0 days 0:19 hours
Hyper-V role detected

CPU: total 8 (initial active 8) (4 cores per cpu, 2 threads per core) family 6 model 140 stepping 1 microcode 0xbe, cx8, cmov, fxsr, ht, mmx, 3dnowpref, sse, sse2, sse3, ssse3, sse4.1, sse4.2, popcnt, lzcnt, tsc, tscinvbit, avx, avx2, aes, erms, clmul, bmi1, bmi2, adx, avx512f, avx512dq, avx512cd, avx512bw, avx512vl, sha, fma, vzeroupper, avx512_vpopcntdq, avx512_vpclmulqdq, avx512_vaes, avx512_vnni, clflush, clflushopt, clwb, avx512_vbmi2, avx512_vbmi, hv, rdtscp, rdpid, fsrm, gfni, avx512_bitalg, f16c, cet_ibt, cet_ss, avx512_ifma
Processor Information for the first 8 processors :
  Max Mhz: 2419, Current Mhz: 2419, Mhz Limit: 2419

Memory: 4k page, system-wide physical 16118M (607M free)
TotalPageFile size 24300M (AvailPageFile size 3M)
current process WorkingSet (physical memory assigned to process): 236M, peak: 236M
current process commit charge ("private bytes"): 365M, peak: 366M

vm_info: OpenJDK 64-Bit Server VM (21.0.10+7-LTS) for windows-amd64 JRE (21.0.10+7-LTS), built on 2026-01-20T00:00:00Z by "admin" with MS VC++ 17.12 (VS2022)

END.
